app/build/intermediates/manifest_merge_blame_file/debug/manifest-merger-blame-debug-report.txt
1<?xml version="1.0" encoding="utf-8"?>
2<manifest xmlns:android="http://schemas.android.com/apk/res/android"
3    package="com.example.app2"
4    android:versionCode="1"
5    android:versionName="1.0" >
6
7    <uses-sdk
8        android:minSdkVersion="23"
8-->src\main\AndroidManifest.xml
9        android:targetSdkVersion="28" />
9-->src\main\AndroidManifest.xml
10
11    <uses-permission android:name="android.permission.SET_ALARM" />
11-->src\main\AndroidManifest.xml:5:5-68
11-->src\main\AndroidManifest.xml:5:22-65
12    <uses-permission android:name="android.permission.ACCESS_NETWORK_STATE" />
12-->src\main\AndroidManifest.xml:6:5-79
12-->src\main\AndroidManifest.xml:6:22-76
13    <uses-permission android:name="android.permission.RECEIVE_BOOT_COMPLETED" />
13-->src\main\AndroidManifest.xml:7:5-81
13-->src\main\AndroidManifest.xml:7:22-78
14    <uses-permission android:name="android.permission.INTERNET" />
14-->src\main\AndroidManifest.xml:8:5-67
14-->src\main\AndroidManifest.xml:8:22-64
15    <uses-permission android:name="android.permission.WRITE_EXTERNAL_STORAGE" />
15-->src\main\AndroidManifest.xml:9:5-81
15-->src\main\AndroidManifest.xml:9:22-78
16    <uses-permission android:name="android.permission.READ_EXTERNAL_STORAGE" />
16-->src\main\AndroidManifest.xml:10:5-80
16-->src\main\AndroidManifest.xml:10:22-77
17    <uses-permission android:name="android.permission.SEND_SMS" />
17-->src\main\AndroidManifest.xml:11:5-67
17-->src\main\AndroidManifest.xml:11:22-64
18    <uses-permission android:name="android.permission.RECEIVE_SMS" />
18-->src\main\AndroidManifest.xml:12:5-70
18-->src\main\AndroidManifest.xml:12:22-67
19    <uses-permission android:name="android.permission.READ_PHONE_STATE" />
19-->src\main\AndroidManifest.xml:13:5-75
19-->src\main\AndroidManifest.xml:13:22-72
20    <uses-permission android:name="android.permission.BLUETOOTH" />
20-->src\main\AndroidManifest.xml:14:5-68
20-->src\main\AndroidManifest.xml:14:22-65
21    <uses-permission android:name="android.permission.BLUETOOTH_ADMIN" />
21-->src\main\AndroidManifest.xml:15:5-74
21-->src\main\AndroidManifest.xml:15:22-71
22    <uses-permission android:name="android.permission.ACCESS_WIFI_STATE" />
22-->src\main\AndroidManifest.xml:16:5-76
22-->src\main\AndroidManifest.xml:16:22-73
23    <uses-permission android:name="android.permission.CHANGE_WIFI_STATE" />
23-->src\main\AndroidManifest.xml:17:5-76
23-->src\main\AndroidManifest.xml:17:22-73
24    <uses-permission android:name="android.permission.FOREGROUND_SERVICE" />
24-->src\main\AndroidManifest.xml:18:5-77
24-->src\main\AndroidManifest.xml:18:22-74
25    <uses-permission android:name="android.permission.RECORD_AUDIO" />
25-->src\main\AndroidManifest.xml:19:5-71
25-->src\main\AndroidManifest.xml:19:22-68
26    <uses-permission android:name="android.permission.READ_PHONE_STATE" />
26-->src\main\AndroidManifest.xml:13:5-75
26-->src\main\AndroidManifest.xml:13:22-72
27    <uses-permission android:name="android.permission.PROCESS_OUTGOING_CALLS" />
27-->src\main\AndroidManifest.xml:21:5-81
27-->src\main\AndroidManifest.xml:21:22-78
28    <uses-permission android:name="android.permission.ACCESS_FINE_LOCATION" />
28-->src\main\AndroidManifest.xml:22:5-79
28-->src\main\AndroidManifest.xml:22:22-76
29    <uses-permission android:name="android.permission.REQUEST_INSTALL_PACKAGES" />
29-->src\main\AndroidManifest.xml:23:5-83
29-->src\main\AndroidManifest.xml:23:22-80
30    <uses-permission android:name="android.permission.CAMERA" />
30-->[com.camerakit:camerakit:1.0.0-beta3.11] AndroidManifest.xml:7:5-65
30-->[com.camerakit:camerakit:1.0.0-beta3.11] AndroidManifest.xml:7:22-62
31
32    <uses-feature
32-->[com.camerakit:camerakit:1.0.0-beta3.11] AndroidManifest.xml:11:5-13:36
33        android:name="android.hardware.camera"
33-->[com.camerakit:camerakit:1.0.0-beta3.11] AndroidManifest.xml:12:9-47
34        android:required="false" />
34-->[com.camerakit:camerakit:1.0.0-beta3.11] AndroidManifest.xml:13:9-33
35    <uses-feature
35-->[com.camerakit:camerakit:1.0.0-beta3.11] AndroidManifest.xml:14:5-16:36
36        android:name="android.hardware.camera.front"
36-->[com.camerakit:camerakit:1.0.0-beta3.11] AndroidManifest.xml:15:9-53
37        android:required="false" />
37-->[com.camerakit:camerakit:1.0.0-beta3.11] AndroidManifest.xml:16:9-33
38    <uses-feature
38-->[com.camerakit:camerakit:1.0.0-beta3.11] AndroidManifest.xml:17:5-19:36
39        android:name="android.hardware.camera.autofocus"
39-->[com.camerakit:camerakit:1.0.0-beta3.11] AndroidManifest.xml:18:9-57
40        android:required="false" />
40-->[com.camerakit:camerakit:1.0.0-beta3.11] AndroidManifest.xml:19:9-33
41    <uses-feature
41-->[com.camerakit:camerakit:1.0.0-beta3.11] AndroidManifest.xml:20:5-22:36
42        android:name="android.hardware.microphone"
42-->[com.camerakit:camerakit:1.0.0-beta3.11] AndroidManifest.xml:21:9-51
43        android:required="false" />
43-->[com.camerakit:camerakit:1.0.0-beta3.11] AndroidManifest.xml:22:9-33
44
45    <supports-screens
45-->[org.osmdroid:osmdroid-android:6.0.2] AndroidManifest.xml:11:5-14:40
46        android:anyDensity="true"
46-->[org.osmdroid:osmdroid-android:6.0.2] AndroidManifest.xml:12:9-34
47        android:largeScreens="true"
47-->[org.osmdroid:osmdroid-android:6.0.2] AndroidManifest.xml:13:9-36
48        android:normalScreens="true" />
48-->[org.osmdroid:osmdroid-android:6.0.2] AndroidManifest.xml:14:9-37
49
50    <uses-feature
50-->[org.osmdroid:osmdroid-android:6.0.2] AndroidManifest.xml:16:5-18:36
51        android:name="android.hardware.location.network"
51-->[org.osmdroid:osmdroid-android:6.0.2] AndroidManifest.xml:17:9-57
52        android:required="false" />
52-->[org.osmdroid:osmdroid-android:6.0.2] AndroidManifest.xml:18:9-33
53    <uses-feature
53-->[org.osmdroid:osmdroid-android:6.0.2] AndroidManifest.xml:19:5-21:36
54        android:name="android.hardware.location.gps"
54-->[org.osmdroid:osmdroid-android:6.0.2] AndroidManifest.xml:20:9-53
55        android:required="false" />
55-->[org.osmdroid:osmdroid-android:6.0.2] AndroidManifest.xml:21:9-33
56    <uses-feature
56-->[org.osmdroid:osmdroid-android:6.0.2] AndroidManifest.xml:22:5-24:36
57        android:name="android.hardware.telephony"
57-->[org.osmdroid:osmdroid-android:6.0.2] AndroidManifest.xml:23:9-50
58        android:required="false" />
58-->[org.osmdroid:osmdroid-android:6.0.2] AndroidManifest.xml:24:9-33
59    <uses-feature
59-->[org.osmdroid:osmdroid-android:6.0.2] AndroidManifest.xml:25:5-27:36
60        android:name="android.hardware.wifi"
60-->[org.osmdroid:osmdroid-android:6.0.2] AndroidManifest.xml:26:9-45
61        android:required="false" />
61-->[org.osmdroid:osmdroid-android:6.0.2] AndroidManifest.xml:27:9-33
62
63    <application
63-->src\main\AndroidManifest.xml:26:5-149:19
64        android:name="com.example.app2.SampleProject.G"
64-->src\main\AndroidManifest.xml:27:9-40
65        android:allowBackup="true"
65-->src\main\AndroidManifest.xml:28:9-35
66        android:appComponentFactory="androidx.core.app.CoreComponentFactory"
66-->[androidx.core:core:1.0.1] AndroidManifest.xml:22:18-86
67        android:debuggable="true"
68        android:icon="@mipmap/ic_launcher"
68-->src\main\AndroidManifest.xml:29:9-43
69        android:label="@string/app_name"
69-->src\main\AndroidManifest.xml:30:9-41
70        android:roundIcon="@mipmap/ic_launcher_round"
70-->src\main\AndroidManifest.xml:31:9-54
71        android:supportsRtl="true"
71-->src\main\AndroidManifest.xml:32:9-35
72        android:testOnly="true"
73        android:theme="@style/AppTheme"
73-->src\main\AndroidManifest.xml:33:9-40
74        android:usesCleartextTraffic="true" >
74-->src\main\AndroidManifest.xml:34:9-44
75        <activity android:name="com.example.app2.Alibaba.HotelMapActivity" />
75-->src\main\AndroidManifest.xml:35:9-71
75-->src\main\AndroidManifest.xml:35:19-59
76        <activity android:name="com.example.app2.ChairSelectionActivity" />
76-->src\main\AndroidManifest.xml:36:9-60
76-->src\main\AndroidManifest.xml:36:19-57
77        <activity android:name="com.example.app2.Alibaba.AlibabaBusInformationActivity" />
77-->src\main\AndroidManifest.xml:37:9-75
77-->src\main\AndroidManifest.xml:37:19-72
78        <activity android:name="com.example.app2.Alibaba.AlibabaTrainInformationActivity" />
78-->src\main\AndroidManifest.xml:38:9-77
78-->src\main\AndroidManifest.xml:38:19-74
79        <activity android:name="com.example.app2.Alibaba.EditProfileActivity" />
79-->src\main\AndroidManifest.xml:39:9-65
79-->src\main\AndroidManifest.xml:39:19-62
80        <activity android:name="com.example.app2.Alibaba.ProfileActivity" />
80-->src\main\AndroidManifest.xml:40:9-61
80-->src\main\AndroidManifest.xml:40:19-58
81        <activity android:name="com.example.app2.SampleProject.WidgetActivities.ScrollingActivity" />
81-->src\main\AndroidManifest.xml:41:9-86
81-->src\main\AndroidManifest.xml:41:19-83
82        <activity android:name="com.example.app2.SampleProject.WidgetActivities.BottomSheetViewActivity" />
82-->src\main\AndroidManifest.xml:42:9-92
82-->src\main\AndroidManifest.xml:42:19-89
83        <activity android:name="com.example.app2.SampleProject.WidgetActivities.BottomNavigationViewActivity" />
83-->src\main\AndroidManifest.xml:43:9-97
83-->src\main\AndroidManifest.xml:43:19-94
84        <activity android:name="com.example.app2.SampleProject.WidgetActivities.BottomAppBarActivity" />
84-->src\main\AndroidManifest.xml:44:9-89
84-->src\main\AndroidManifest.xml:44:19-86
85        <activity android:name="com.example.app2.SampleProject.WidgetActivities.TextInputLayoutActivity" />
85-->src\main\AndroidManifest.xml:45:9-92
85-->src\main\AndroidManifest.xml:45:19-89
86        <activity android:name="com.example.app2.SampleProject.WidgetActivities.TestRadioButtonActivity" />
86-->src\main\AndroidManifest.xml:46:9-92
86-->src\main\AndroidManifest.xml:46:19-89
87        <activity android:name="com.example.app2.SampleProject.WidgetActivities.TestEditTextActivity" />
87-->src\main\AndroidManifest.xml:47:9-89
87-->src\main\AndroidManifest.xml:47:19-86
88        <activity android:name="com.example.app2.SampleProject.WidgetTestActivity" />
88-->src\main\AndroidManifest.xml:48:9-70
88-->src\main\AndroidManifest.xml:48:19-67
89        <activity android:name="com.example.app2.Alibaba.AlibabaInformationActivity" />
89-->src\main\AndroidManifest.xml:49:9-72
89-->src\main\AndroidManifest.xml:49:19-69
90        <activity android:name="com.example.app2.Alibaba.AlibabaDetailActivity" />
90-->src\main\AndroidManifest.xml:50:9-67
90-->src\main\AndroidManifest.xml:50:19-64
91        <activity android:name="com.example.app2.Alibaba.CitiesActivity" />
91-->src\main\AndroidManifest.xml:51:9-60
91-->src\main\AndroidManifest.xml:51:19-57
92        <activity android:name="com.example.app2.Alibaba.AlibabaMainActivity" />
92-->src\main\AndroidManifest.xml:52:9-65
92-->src\main\AndroidManifest.xml:52:19-62
93        <activity android:name="com.example.app2.SampleProject.CallBackActivity" />
93-->src\main\AndroidManifest.xml:53:9-68
93-->src\main\AndroidManifest.xml:53:19-65
94        <activity android:name="com.example.app2.SampleProject.LifeCycleActivity" />
94-->src\main\AndroidManifest.xml:54:9-69
94-->src\main\AndroidManifest.xml:54:19-66
95        <activity android:name="com.example.app2.SampleProject.SmsVerificationActivity" />
95-->src\main\AndroidManifest.xml:55:9-75
95-->src\main\AndroidManifest.xml:55:19-72
96        <activity android:name="com.example.app2.CafeBazar.Cafe_MainActivity" />
96-->src\main\AndroidManifest.xml:56:9-65
96-->src\main\AndroidManifest.xml:56:19-62
97        <activity android:name="com.example.app2.SampleProject.SwipRefreshActivity" />
97-->src\main\AndroidManifest.xml:57:9-71
97-->src\main\AndroidManifest.xml:57:19-68
98        <activity android:name="com.example.app2.SampleProject.StartActivity" >
98-->src\main\AndroidManifest.xml:58:9-64:20
98-->src\main\AndroidManifest.xml:58:19-62
99            <intent-filter>
99-->src\main\AndroidManifest.xml:59:13-63:29
100                <action android:name="android.intent.action.MAIN" />
100-->src\main\AndroidManifest.xml:60:17-69
100-->src\main\AndroidManifest.xml:60:25-66
101
102                <category android:name="android.intent.category.LAUNCHER" />
102-->src\main\AndroidManifest.xml:62:17-77
102-->src\main\AndroidManifest.xml:62:27-74
103            </intent-filter>
104        </activity>
105        <activity android:name="com.example.app2.SampleProject.TimerActivity" />
105-->src\main\AndroidManifest.xml:65:9-65
105-->src\main\AndroidManifest.xml:65:19-62
106        <activity android:name="com.example.app2.SampleProject.HiddenIconActivity" />
106-->src\main\AndroidManifest.xml:66:9-70
106-->src\main\AndroidManifest.xml:66:19-67
107        <activity android:name="com.example.app2.SampleProject.DownloaderActivity" />
107-->src\main\AndroidManifest.xml:67:9-70
107-->src\main\AndroidManifest.xml:67:19-67
108        <activity android:name="com.example.app2.SampleProject.RecorderActivity" />
108-->src\main\AndroidManifest.xml:68:9-68
108-->src\main\AndroidManifest.xml:68:19-65
109        <activity
109-->src\main\AndroidManifest.xml:69:9-75:20
110            android:name="com.example.app2.SampleProject.TestNotificationViewActivity"
110-->src\main\AndroidManifest.xml:70:13-71
111            android:parentActivityName="com.example.app2.SampleProject.TestNotificationActivity" >
111-->src\main\AndroidManifest.xml:71:13-81
112            <meta-data
112-->src\main\AndroidManifest.xml:72:13-74:75
113                android:name="android.support.PARENT_ACTIVITY"
113-->src\main\AndroidManifest.xml:73:17-63
114                android:value=".SampleProject.TestNotificationActivity" />
114-->src\main\AndroidManifest.xml:74:17-72
115        </activity>
116        <activity android:name="com.example.app2.SampleProject.NotificationSample.NotificationMainActivity" />
116-->src\main\AndroidManifest.xml:76:9-95
116-->src\main\AndroidManifest.xml:76:19-92
117        <activity android:name="com.example.app2.SampleProject.NotificationSample.NotificationDetailActivity" />
117-->src\main\AndroidManifest.xml:77:9-97
117-->src\main\AndroidManifest.xml:77:19-94
118        <activity android:name="com.example.app2.SampleProject.TestNotificationActivity" />
118-->src\main\AndroidManifest.xml:78:9-76
118-->src\main\AndroidManifest.xml:78:19-73
119        <activity android:name="com.example.app2.SampleProject.StartedServiceActivity" />
119-->src\main\AndroidManifest.xml:79:9-74
119-->src\main\AndroidManifest.xml:79:19-71
120        <activity android:name="com.example.app2.SampleProject.TestServicesActivity" />
120-->src\main\AndroidManifest.xml:80:9-72
120-->src\main\AndroidManifest.xml:80:19-69
121        <activity android:name="com.example.app2.SampleProject.ServiceActivity" />
121-->src\main\AndroidManifest.xml:81:9-67
121-->src\main\AndroidManifest.xml:81:19-64
122        <activity android:name="com.example.app2.SampleProject.MusicActivity" />
122-->src\main\AndroidManifest.xml:82:9-65
122-->src\main\AndroidManifest.xml:82:19-62
123        <activity android:name="com.example.app2.SampleProject.PlayerActivity" />
123-->src\main\AndroidManifest.xml:83:9-66
123-->src\main\AndroidManifest.xml:83:19-63
124        <activity android:name="com.example.app2.SampleProject.AnimationActivity" />
124-->src\main\AndroidManifest.xml:84:9-69
124-->src\main\AndroidManifest.xml:84:19-66
125        <activity android:name="com.example.app2.SampleProject.LoginActivity2" />
125-->src\main\AndroidManifest.xml:85:9-66
125-->src\main\AndroidManifest.xml:85:19-63
126        <activity android:name="com.example.app2.SampleProject.SensorActivity" />
126-->src\main\AndroidManifest.xml:86:9-66
126-->src\main\AndroidManifest.xml:86:19-63
127        <activity
127-->src\main\AndroidManifest.xml:87:9-90:59
128            android:name="com.example.app2.SampleProject.ActivitySampleNavigation"
128-->src\main\AndroidManifest.xml:88:13-67
129            android:label="@string/title_activity_sample_navigation"
129-->src\main\AndroidManifest.xml:89:13-69
130            android:theme="@style/AppTheme.NoActionBar" />
130-->src\main\AndroidManifest.xml:90:13-56
131        <activity android:name="com.example.app2.SampleProject.KeshoActivity" />
131-->src\main\AndroidManifest.xml:91:9-65
131-->src\main\AndroidManifest.xml:91:19-62
132        <activity android:name="com.example.app2.SampleProject.MaterialActivity" />
132-->src\main\AndroidManifest.xml:92:9-68
132-->src\main\AndroidManifest.xml:92:19-65
133        <activity android:name="com.example.app2.SampleProject.EmailActivity" />
133-->src\main\AndroidManifest.xml:93:9-65
133-->src\main\AndroidManifest.xml:93:19-62
134        <activity android:name="com.example.app2.SampleProject.SmsActivity" />
134-->src\main\AndroidManifest.xml:94:9-63
134-->src\main\AndroidManifest.xml:94:19-60
135        <activity android:name="com.example.app2.SampleProject.CameraActivity" />
135-->src\main\AndroidManifest.xml:95:9-66
135-->src\main\AndroidManifest.xml:95:19-63
136        <activity android:name="com.example.app2.SampleProject.PermissionActivity" />
136-->src\main\AndroidManifest.xml:96:9-70
136-->src\main\AndroidManifest.xml:96:19-67
137        <activity android:name="com.example.app2.SampleProject.ActivityTabLayout" />
137-->src\main\AndroidManifest.xml:97:9-69
137-->src\main\AndroidManifest.xml:97:19-66
138        <activity android:name="com.example.app2.SampleProject.SampleFragment" />
138-->src\main\AndroidManifest.xml:98:9-66
138-->src\main\AndroidManifest.xml:98:19-63
139        <activity android:name="com.example.app2.SampleProject.Thread.AsyncActivity" />
139-->src\main\AndroidManifest.xml:99:9-72
139-->src\main\AndroidManifest.xml:99:19-69
140        <activity android:name="com.example.app2.SampleProject.Thread.ThreadActivity" />
140-->src\main\AndroidManifest.xml:100:9-73
140-->src\main\AndroidManifest.xml:100:19-70
141        <activity android:name="com.example.app2.SampleProject.DetailActivity" />
141-->src\main\AndroidManifest.xml:101:9-66
141-->src\main\AndroidManifest.xml:101:19-63
142        <activity android:name="com.example.app2.SampleProject.Server.ValyActivity" />
142-->src\main\AndroidManifest.xml:102:9-71
142-->src\main\AndroidManifest.xml:102:19-68
143        <activity android:name="com.example.app2.SampleProject.Toolbar.ToolbarActivity" />
143-->src\main\AndroidManifest.xml:103:9-75
143-->src\main\AndroidManifest.xml:103:19-72
144        <activity android:name="com.example.app2.SampleProject.AlarmActivity" />
144-->src\main\AndroidManifest.xml:104:9-65
144-->src\main\AndroidManifest.xml:104:19-62
145        <activity android:name="com.example.app2.SampleProject.ListActivity" />
145-->src\main\AndroidManifest.xml:105:9-64
145-->src\main\AndroidManifest.xml:105:19-61
146        <activity android:name="com.example.app2.SampleProject.CommentActivity" />
146-->src\main\AndroidManifest.xml:106:9-67
146-->src\main\AndroidManifest.xml:106:19-64
147        <activity android:name="com.example.app2.SampleProject.LoginActivity" />
147-->src\main\AndroidManifest.xml:107:9-65
147-->src\main\AndroidManifest.xml:107:19-62
148        <activity android:name="com.example.app2.SampleProject.SplashActivity" />
148-->src\main\AndroidManifest.xml:108:9-66
148-->src\main\AndroidManifest.xml:108:19-63
149        <activity android:name="com.example.app2.SampleProject.MainActivity" />
149-->src\main\AndroidManifest.xml:109:9-64
149-->src\main\AndroidManifest.xml:109:19-61
150
151        <receiver android:name="com.example.app2.SampleProject.MyBroadcastReceiver" >
151-->src\main\AndroidManifest.xml:111:9-118:20
151-->src\main\AndroidManifest.xml:111:19-68
152            <intent-filter>
152-->src\main\AndroidManifest.xml:112:13-117:29
153                <action android:name="android.intent.action.ACTION_POWER_CONNECTED" />
153-->src\main\AndroidManifest.xml:113:17-87
153-->src\main\AndroidManifest.xml:113:25-84
154                <action android:name="android.intent.action.ACTION_POWER_DISCONNECTED" />
154-->src\main\AndroidManifest.xml:114:17-90
154-->src\main\AndroidManifest.xml:114:25-87
155                <action android:name="android.intent.action.AIRPLANE_MODE" />
155-->src\main\AndroidManifest.xml:115:17-78
155-->src\main\AndroidManifest.xml:115:25-75
156                <action android:name="android.intent.action.BOOT_COMPLETED" />
156-->src\main\AndroidManifest.xml:116:17-79
156-->src\main\AndroidManifest.xml:116:25-76
157            </intent-filter>
158        </receiver>
159        <receiver android:name="com.example.app2.SampleProject.SmsReceiver" >
159-->src\main\AndroidManifest.xml:119:9-123:20
159-->src\main\AndroidManifest.xml:119:19-60
160            <intent-filter>
160-->src\main\AndroidManifest.xml:120:13-122:29
161                <action android:name="android.provider.Telephony.SMS_RECEIVED" />
161-->src\main\AndroidManifest.xml:121:17-82
161-->src\main\AndroidManifest.xml:121:25-79
162            </intent-filter>
163        </receiver>
164        <receiver android:name="com.example.app2.SampleProject.CallReceiver" >
164-->src\main\AndroidManifest.xml:124:9-129:20
164-->src\main\AndroidManifest.xml:124:19-61
165            <intent-filter>
165-->src\main\AndroidManifest.xml:125:13-128:29
166                <action android:name="android.intent.action.NEW_OUTGOING_CALL" />
166-->src\main\AndroidManifest.xml:126:17-82
166-->src\main\AndroidManifest.xml:126:25-79
167                <action android:name="android.intent.action.PHONE_STATE" />
167-->src\main\AndroidManifest.xml:127:17-76
167-->src\main\AndroidManifest.xml:127:25-73
168            </intent-filter>
169        </receiver>
170        <receiver android:name="com.example.app2.Alibaba.Receiver.CheckInternetReceiver" >
170-->src\main\AndroidManifest.xml:130:9-134:20
170-->src\main\AndroidManifest.xml:130:19-73
171            <intent-filter>
171-->src\main\AndroidManifest.xml:131:13-133:29
172                <action android:name="android.net.conn.CONNECTIVITY_CHANGE" />
172-->src\main\AndroidManifest.xml:132:17-79
172-->src\main\AndroidManifest.xml:132:25-76
173            </intent-filter>
174        </receiver>
175
176        <service android:name="com.example.app2.SampleProject.Service.TestService" />
176-->src\main\AndroidManifest.xml:136:9-70
176-->src\main\AndroidManifest.xml:136:18-67
177        <service android:name="com.example.app2.SampleProject.Service.MyService" />
177-->src\main\AndroidManifest.xml:137:9-68
177-->src\main\AndroidManifest.xml:137:18-65
178        <service android:name="com.example.app2.SampleProject.Service.TestService" />
178-->src\main\AndroidManifest.xml:136:9-70
178-->src\main\AndroidManifest.xml:136:18-67
179
180        <provider
181            android:name="androidx.core.content.FileProvider"
181-->src\main\AndroidManifest.xml:141:13-62
182            android:authorities="com.example.app2.provider"
182-->src\main\AndroidManifest.xml:142:13-60
183            android:exported="false"
183-->src\main\AndroidManifest.xml:143:13-37
184            android:grantUriPermissions="true" >
184-->src\main\AndroidManifest.xml:144:13-47
185            <meta-data
185-->src\main\AndroidManifest.xml:145:13-147:58
186                android:name="android.support.FILE_PROVIDER_PATHS"
186-->src\main\AndroidManifest.xml:146:17-67
187                android:resource="@xml/provider_paths" />
187-->src\main\AndroidManifest.xml:147:17-55
188        </provider>
189
190        <activity
190-->[com.google.android.gms:play-services-base:15.0.1] AndroidManifest.xml:23:9-26:75
191            android:name="com.google.android.gms.common.api.GoogleApiActivity"
191-->[com.google.android.gms:play-services-base:15.0.1] AndroidManifest.xml:24:13-79
192            android:exported="false"
192-->[com.google.android.gms:play-services-base:15.0.1] AndroidManifest.xml:25:13-37
193            android:theme="@android:style/Theme.Translucent.NoTitleBar" />
193-->[com.google.android.gms:play-services-base:15.0.1] AndroidManifest.xml:26:13-72
194
195        <meta-data
195-->[com.google.android.gms:play-services-basement:15.0.1] AndroidManifest.xml:23:9-25:69
196            android:name="com.google.android.gms.version"
196-->[com.google.android.gms:play-services-basement:15.0.1] AndroidManifest.xml:24:13-58
197            android:value="@integer/google_play_services_version" />
197-->[com.google.android.gms:play-services-basement:15.0.1] AndroidManifest.xml:25:13-66
198
199        <provider
199-->[androidx.lifecycle:lifecycle-process:2.0.0] AndroidManifest.xml:23:9-27:43
200            android:name="androidx.lifecycle.ProcessLifecycleOwnerInitializer"
200-->[androidx.lifecycle:lifecycle-process:2.0.0] AndroidManifest.xml:24:13-79
201            android:authorities="com.example.app2.lifecycle-process"
201-->[androidx.lifecycle:lifecycle-process:2.0.0] AndroidManifest.xml:25:13-69
202            android:exported="false"
202-->[androidx.lifecycle:lifecycle-process:2.0.0] AndroidManifest.xml:26:13-37
203            android:multiprocess="true" />
203-->[androidx.lifecycle:lifecycle-process:2.0.0] AndroidManifest.xml:27:13-40
204    </application>
205
206</manifest>